============================= test session starts =============================
platform win32 -- Python 3.12.10, pytest-9.0.2, pluggy-1.6.0 -- C:\Users\ranad\OneDrive\Desktop\PSOC\.venv\Scripts\python.exe
cachedir: .pytest_cache
rootdir: C:\Users\ranad\OneDrive\Desktop\PSOC
configfile: pytest.ini
plugins: anyio-4.12.1, cov-7.0.0, flask-1.3.0, mock-3.15.1
collecting ... collected 77 items

backend/tests/test_analysis.py::TestRiskScoreCalculation::test_low_risk_score PASSED [  1%]
backend/tests/test_analysis.py::TestRiskScoreCalculation::test_moderate_risk_score PASSED [  2%]
backend/tests/test_analysis.py::TestRiskScoreCalculation::test_high_risk_score PASSED [  3%]
backend/tests/test_analysis.py::TestRiskScoreCalculation::test_cycle_outside_range_increases_score PASSED [  5%]
backend/tests/test_analysis.py::TestRiskScoreCalculation::test_period_outside_range_increases_score PASSED [  6%]
backend/tests/test_analysis.py::TestRiskScoreCalculation::test_symptoms_increase_score PASSED [  7%]
backend/tests/test_analysis.py::TestRiskScoreCalculation::test_high_stress_increases_score PASSED [  9%]
backend/tests/test_analysis.py::TestRiskScoreCalculation::test_low_sleep_increases_score PASSED [ 10%]
backend/tests/test_analysis.py::TestRiskScoreCalculation::test_risk_score_capped_at_100 PASSED [ 11%]
backend/tests/test_analysis.py::TestRiskLevelDetermination::test_low_risk_level PASSED [ 12%]
backend/tests/test_analysis.py::TestRiskLevelDetermination::test_moderate_risk_level PASSED [ 14%]
backend/tests/test_analysis.py::TestRiskLevelDetermination::test_high_risk_level PASSED [ 15%]
backend/tests/test_analysis.py::TestCycleAnalysis::test_cycle_within_normal_range PASSED [ 16%]
backend/tests/test_analysis.py::TestCycleAnalysis::test_cycle_shorter_than_typical PASSED [ 18%]
backend/tests/test_analysis.py::TestCycleAnalysis::test_cycle_longer_than_typical PASSED [ 19%]
backend/tests/test_analysis.py::TestPeriodAnalysis::test_period_within_normal_range PASSED [ 20%]
backend/tests/test_analysis.py::TestPeriodAnalysis::test_period_shorter_than_typical PASSED [ 22%]
backend/tests/test_analysis.py::TestPeriodAnalysis::test_period_longer_than_typical PASSED [ 23%]
backend/tests/test_analysis.py::TestRecommendations::test_high_risk_recommendations PASSED [ 24%]
backend/tests/test_analysis.py::TestRecommendations::test_moderate_risk_recommendations PASSED [ 25%]
backend/tests/test_analysis.py::TestRecommendations::test_low_risk_recommendations PASSED [ 27%]
backend/tests/test_analysis.py::TestRecommendations::test_weight_gain_symptom_recommendations PASSED [ 28%]
backend/tests/test_analysis.py::TestRecommendations::test_acne_hirsutism_recommendations PASSED [ 29%]
backend/tests/test_analysis.py::TestRecommendations::test_infertility_recommendations PASSED [ 31%]
backend/tests/test_analysis.py::TestRecommendations::test_poor_sleep_recommendations PASSED [ 32%]
backend/tests/test_analysis.py::TestRecommendations::test_sedentary_recommendations PASSED [ 33%]
backend/tests/test_analysis.py::TestSummaryGeneration::test_high_risk_summary PASSED [ 35%]
backend/tests/test_analysis.py::TestSummaryGeneration::test_moderate_risk_summary PASSED [ 36%]
backend/tests/test_analysis.py::TestSummaryGeneration::test_low_risk_summary PASSED [ 37%]
backend/tests/test_analysis.py::TestPercentileCalculation::test_percentile_calculation PASSED [ 38%]
backend/tests/test_analysis.py::TestPercentileCalculation::test_percentile_below_average PASSED [ 40%]
backend/tests/test_analysis.py::TestPercentileCalculation::test_percentile_above_average PASSED [ 41%]
backend/tests/test_analysis.py::TestDatasetStatistics::test_default_statistics PASSED [ 42%]
backend/tests/test_analysis.py::TestDatasetStatistics::test_get_dataset_statistics_uses_cache PASSED [ 44%]
backend/tests/test_analysis.py::TestDatasetStatistics::test_pcos_percentage_calculation PASSED [ 45%]
backend/tests/test_analysis.py::TestDatasetStatistics::test_pcos_percentage_empty_data PASSED [ 46%]
backend/tests/test_analysis.py::TestAgeDistribution::test_age_distribution PASSED [ 48%]
backend/tests/test_analysis.py::TestAgeDistribution::test_age_distribution_counts PASSED [ 49%]
backend/tests/test_analysis.py::TestFullAnalysis::test_full_analysis_returns_all_fields PASSED [ 50%]
backend/tests/test_analysis.py::TestFullAnalysis::test_full_analysis_with_city PASSED [ 51%]
backend/tests/test_api.py::TestHealthEndpoint::test_health_check_returns_200 PASSED [ 53%]
backend/tests/test_api.py::TestHealthEndpoint::test_health_check_returns_json PASSED [ 54%]
backend/tests/test_api.py::TestHealthEndpoint::test_health_check_returns_status PASSED [ 55%]
backend/tests/test_api.py::TestHealthEndpoint::test_health_check_returns_service_name PASSED [ 57%]
backend/tests/test_api.py::TestAnalyzeEndpoint::test_analyze_returns_400_missing_fields PASSED [ 58%]
backend/tests/test_api.py::TestAnalyzeEndpoint::test_analyze_returns_400_missing_age PASSED [ 59%]
backend/tests/test_api.py::TestAnalyzeEndpoint::test_analyze_returns_400_missing_cycle_length PASSED [ 61%]
backend/tests/test_api.py::TestAnalyzeEndpoint::test_analyze_returns_400_missing_period_length PASSED [ 62%]
backend/tests/test_api.py::TestAnalyzeEndpoint::test_analyze_returns_400_missing_symptoms PASSED [ 63%]
backend/tests/test_api.py::TestAnalyzeEndpoint::test_analyze_returns_200_valid_data PASSED [ 64%]
backend/tests/test_api.py::TestAnalyzeEndpoint::test_analyze_returns_analysis_result PASSED [ 66%]
backend/tests/test_api.py::TestAnalyzeEndpoint::test_analyze_returns_doctors PASSED [ 67%]
backend/tests/test_api.py::TestAnalyzeEndpoint::test_analyze_returns_report PASSED [ 68%]
backend/tests/test_api.py::TestStatsEndpoint::test_stats_returns_200 PASSED [ 70%]
backend/tests/test_api.py::TestStatsEndpoint::test_stats_returns_json PASSED [ 71%]
backend/tests/test_api.py::TestStatsEndpoint::test_stats_returns_statistics PASSED [ 72%]
backend/tests/test_api.py::TestErrorHandling::test_invalid_json_returns_400 PASSED [ 74%]
backend/tests/test_api.py::TestCORS::test_cors_headers_present PASSED    [ 75%]
backend/tests/test_doctors.py::TestDoctorRecommendations::test_recommender_returns_list PASSED [ 76%]
backend/tests/test_doctors.py::TestDoctorRecommendations::test_recommendations_based_on_severity_high PASSED [ 77%]
backend/tests/test_doctors.py::TestDoctorRecommendations::test_recommendations_based_on_severity_moderate PASSED [ 79%]
backend/tests/test_doctors.py::TestDoctorRecommendations::test_recommendations_based_on_severity_low PASSED [ 80%]
backend/tests/test_doctors.py::TestDoctorRecommendations::test_recommendations_include_gynecologist PASSED [ 81%]
backend/tests/test_doctors.py::TestDoctorRecommendations::test_recommendations_based_on_symptoms PASSED [ 83%]
backend/tests/test_doctors.py::TestDoctorRecommendations::test_recommendations_with_different_cities PASSED [ 84%]
backend/tests/test_doctors.py::TestDoctorRecommendations::test_recommendations_empty_city PASSED [ 85%]
backend/tests/test_doctors.py::TestDoctorRecommendations::test_doctor_fields PASSED [ 87%]
backend/tests/test_doctors.py::TestEmergencyHelplines::test_helplines_exist PASSED [ 88%]
backend/tests/test_doctors.py::TestEmergencyHelplines::test_india_helpline PASSED [ 89%]
backend/tests/test_doctors.py::TestEmergencyHelplines::test_emergency_services PASSED [ 90%]
backend/tests/test_doctors.py::TestCityMatching::test_city_matching PASSED [ 92%]
backend/tests/test_vercel_api.py::test_api_health_endpoint PASSED        [ 93%]
backend/tests/test_vercel_api.py::test_analyze_step_returns_503_when_analyzer_unavailable PASSED [ 94%]
backend/tests/test_vercel_api.py::test_analyze_returns_400_when_required_fields_missing PASSED [ 96%]
backend/tests/test_vercel_api.py::test_analyze_step_returns_incremental_insight PASSED [ 97%]
backend/tests/test_vercel_api.py::test_analyze_returns_full_payload PASSED [ 98%]
backend/tests/test_vercel_api.py::test_stats_returns_503_when_analyzer_unavailable PASSED [100%]

======================== 77 passed, 1 warning in 2.97s ========================
